Retrieving current Canvas score...
... Done.
------------------------
|                      |
|        TEST 1        |
|                      |
------------------------

--- CREATING TEST ---
This test will replace the appropriate content in your program with the following:
min: .word 1
This test will replace the appropriate content in your program with the following:
max: .word 10
This test will replace the appropriate content in your program with the following:
num: .word 8
This test expects your output to contain at least the following:

Guess must be a hexadecimal number between

This test is worth 0.5 points.

Running test...
--- PASS ---

------------------------
|                      |
|        TEST 2        |
|                      |
------------------------

--- CREATING TEST ---
This test will replace the appropriate content in your program with the following:
min: .word 1
This test will replace the appropriate content in your program with the following:
max: .word 10
This test will replace the appropriate content in your program with the following:
num: .word 8
This test expects your output to contain at least the following:

Enter your guess (or nothing to quit).

This test is worth 0.5 points.

Running test...
--- PASS ---

------------------------
|                      |
|        TEST 3        |
|                      |
------------------------

--- CREATING TEST ---
This test will replace the appropriate content in your program with the following:
min: .word 1
This test will replace the appropriate content in your program with the following:
max: .word 10
This test will replace the appropriate content in your program with the following:
num: .word 8
This test expects your output to contain at least the following:

Guess must be a hexadecimal number between 1 and a
Enter your guess (or nothing to quit).


This test expects your output to NOT contain the following:

Exception 0
Exception 4
Exception 5
Exception 6
Exception 7
Exception 8
Exception 9
Exception 10
Exception 12

This test is worth 1 point.

Running test...
*** FAIL ***
--- your output ---
Guess must be a hexadecimal number between 1 and 10

Enter your guess (or nothing to quit).
Make a guess.

--- output must contain ---
Guess must be a hexadecimal number between 1 and a
Enter your guess (or nothing to quit).


------------------------
|                      |
|        TEST 4        |
|                      |
------------------------

--- CREATING TEST ---
This test will replace the appropriate content in your program with the following:
min: .word 1
This test will replace the appropriate content in your program with the following:
max: .word 10
This test will replace the appropriate content in your program with the following:
num: .word 8
This test will input the following into the program:


This test expects your output to NOT contain the following:

Exception 0
Exception 4
Exception 5
Exception 6
Exception 7
Exception 8
Exception 9
Exception 10
Exception 12

This test is worth 1 point.

Running test...
--- PASS ---

------------------------
|                      |
|        TEST 5        |
|                      |
------------------------

--- CREATING TEST ---
This test will replace the appropriate content in your program with the following:
min: .word 1
This test will replace the appropriate content in your program with the following:
max: .word 10
This test will replace the appropriate content in your program with the following:
num: .word 8
This test will input the following into the program:
8

This test expects your output to contain at least the following:

Guess must be a hexadecimal number between 1 and a
Enter your guess (or nothing to quit).
Got it!


This test expects your output to NOT contain the following:

Exception 0
Exception 4
Exception 5
Exception 6
Exception 7
Exception 8
Exception 9
Exception 10
Exception 12

This test is worth 1 point.

Running test...
*** FAIL ***
--- your output ---
Guess must be a hexadecimal number between 1 and 10

Enter your guess (or nothing to quit).
Make a guess.
Got it!
Guess must be a hexadecimal number between 1 and 10

Enter your guess (or nothing to quit).
Make a guess.

--- output must contain ---
Guess must be a hexadecimal number between 1 and a
Enter your guess (or nothing to quit).
Got it!

3.0 SECOND LIMIT REACHED
Since the timeout was reached, the test will fail even if there is no output mismatch.

------------------------
|                      |
|        TEST 6        |
|                      |
------------------------

--- CREATING TEST ---
This test will replace the appropriate content in your program with the following:
min: .word 1
This test will replace the appropriate content in your program with the following:
max: .word 10
This test will replace the appropriate content in your program with the following:
num: .word 8
This test will input the following into the program:
2

This test expects your output to contain at least the following:

Guess is too low.

This test is worth 1 point.

Running test...
--- PASS ---

------------------------
|                      |
|        TEST 7        |
|                      |
------------------------

--- CREATING TEST ---
This test will replace the appropriate content in your program with the following:
min: .word 1
This test will replace the appropriate content in your program with the following:
max: .word 10
This test will replace the appropriate content in your program with the following:
num: .word 8
This test will input the following into the program:
9

This test expects your output to contain at least the following:

Guess is too high.

This test is worth 1 point.

Running test...
--- PASS ---

------------------------
|                      |
|        TEST 8        |
|                      |
------------------------

--- CREATING TEST ---
This test will replace the appropriate content in your program with the following:
min: .word 1
This test will replace the appropriate content in your program with the following:
max: .word 10
This test will replace the appropriate content in your program with the following:
num: .word 8
This test will input the following into the program:
2

This test expects your output to contain at least the following:

Guess is too low.
Guess must be a hexadecimal number between

This test is worth 0.5 points.

Running test...
--- PASS ---

------------------------
|                      |
|        TEST 9        |
|                      |
------------------------

--- CREATING TEST ---
This test will replace the appropriate content in your program with the following:
min: .word 1
This test will replace the appropriate content in your program with the following:
max: .word 10
This test will replace the appropriate content in your program with the following:
num: .word 8
This test will input the following into the program:
9

This test expects your output to contain at least the following:

Guess is too high.
Guess must be a hexadecimal number between

This test is worth 0.5 points.

Running test...
--- PASS ---

-------------------------
|                       |
|        TEST 10        |
|                       |
-------------------------

--- CREATING TEST ---
This test will replace the appropriate content in your program with the following:
min: .word 1
This test will replace the appropriate content in your program with the following:
max: .word 10
This test will replace the appropriate content in your program with the following:
num: .word 8
This test will input the following into the program:
2


This test expects your output to contain at least the following:

Guess must be a hexadecimal number between 1 and a
Enter your guess (or nothing to quit).
Guess is too low.
Guess must be a hexadecimal number between 1 and a
Enter your guess (or nothing to quit).


This test expects your output to NOT contain the following:

Exception 0
Exception 4
Exception 5
Exception 6
Exception 7
Exception 8
Exception 9
Exception 10
Exception 12

This test is worth 1 point.

Running test...
*** FAIL ***
--- your output ---
Guess must be a hexadecimal number between 1 and 10

Enter your guess (or nothing to quit).
Make a guess.
Guess is too low.
Guess must be a hexadecimal number between 1 and 10

Enter your guess (or nothing to quit).
Make a guess.


--- output must contain ---
Guess must be a hexadecimal number between 1 and a
Enter your guess (or nothing to quit).
Guess is too low.
Guess must be a hexadecimal number between 1 and a
Enter your guess (or nothing to quit).


-------------------------
|                       |
|        TEST 11        |
|                       |
-------------------------

--- CREATING TEST ---
This test will replace the appropriate content in your program with the following:
min: .word 1
This test will replace the appropriate content in your program with the following:
max: .word 10
This test will replace the appropriate content in your program with the following:
num: .word 8
This test will input the following into the program:
2
9
8

This test expects your output to contain at least the following:

Guess must be a hexadecimal number between 1 and a
Enter your guess (or nothing to quit).
Guess is too low.
Guess must be a hexadecimal number between 1 and a
Enter your guess (or nothing to quit).
Guess is too high.
Guess must be a hexadecimal number between 1 and a
Enter your guess (or nothing to quit).
Got it!


This test expects your output to NOT contain the following:

Exception 0
Exception 4
Exception 5
Exception 6
Exception 7
Exception 8
Exception 9
Exception 10
Exception 12

This test is worth 1 point.

Running test...
*** FAIL ***
--- your output ---
Guess must be a hexadecimal number between 1 and 10

Enter your guess (or nothing to quit).
Make a guess.
Guess is too low.
Guess must be a hexadecimal number between 1 and 10

Enter your guess (or nothing to quit).
Make a guess.
Guess is too high.
Guess must be a hexadecimal number between 1 and 10

Enter your guess (or nothing to quit).
Make a guess.
Got it!
Guess must be a hexadecimal number between 1 and 10

Enter your guess (or nothing to quit).
Make a guess.

--- output must contain ---
Guess must be a hexadecimal number between 1 and a
Enter your guess (or nothing to quit).
Guess is too low.
Guess must be a hexadecimal number between 1 and a
Enter your guess (or nothing to quit).
Guess is too high.
Guess must be a hexadecimal number between 1 and a
Enter your guess (or nothing to quit).
Got it!

3.0 SECOND LIMIT REACHED
Since the timeout was reached, the test will fail even if there is no output mismatch.

-------------------------
|                       |
|        TEST 12        |
|                       |
-------------------------

--- CREATING TEST ---
This test will replace the appropriate content in your program with the following:
min: .word 1
This test will replace the appropriate content in your program with the following:
max: .word 10
This test will replace the appropriate content in your program with the following:
num: .word 8
This test will input the following into the program:
a
7
8

This test expects your output to contain at least the following:

Guess must be a hexadecimal number between 1 and a
Enter your guess (or nothing to quit).
Guess is too high.
Guess must be a hexadecimal number between 1 and a
Enter your guess (or nothing to quit).
Guess is too low.
Guess must be a hexadecimal number between 1 and a
Enter your guess (or nothing to quit).
Got it!


This test expects your output to NOT contain the following:

Exception 0
Exception 4
Exception 5
Exception 6
Exception 7
Exception 8
Exception 9
Exception 10
Exception 12

This test is worth 1 point.

Running test...
*** FAIL ***
--- your output ---
Guess must be a hexadecimal number between 1 and 10

Enter your guess (or nothing to quit).
Make a guess.
Guess is too high.
Guess must be a hexadecimal number between 1 and 10

Enter your guess (or nothing to quit).
Make a guess.
Guess is too low.
Guess must be a hexadecimal number between 1 and 10

Enter your guess (or nothing to quit).
Make a guess.
Got it!
Guess must be a hexadecimal number between 1 and 10

Enter your guess (or nothing to quit).
Make a guess.

--- output must contain ---
Guess must be a hexadecimal number between 1 and a
Enter your guess (or nothing to quit).
Guess is too high.
Guess must be a hexadecimal number between 1 and a
Enter your guess (or nothing to quit).
Guess is too low.
Guess must be a hexadecimal number between 1 and a
Enter your guess (or nothing to quit).
Got it!

3.0 SECOND LIMIT REACHED
Since the timeout was reached, the test will fail even if there is no output mismatch.


SCORE
-----
Old score: 0
New score: 5.0
Updating Canvas score...
... Error sending score to Canvas. Please alert your instructor! (HTTP details below.)
HTTP Error 401: Unauthorized

TEST SUMMARY
-----
Test 1: 0.5/0.5
Test 2: 0.5/0.5
Test 3: 0/1
Test 4: 1/1
Test 5: 0/1
Test 6: 1/1
Test 7: 1/1
Test 8: 0.5/0.5
Test 9: 0.5/0.5
Test 10: 0/1
Test 11: 0/1
Test 12: 0/1
